2024-08-27 21:53:32,506 - INFO - Extrayendo listado S&P500
2024-08-27 21:53:33,361 - INFO - listado S&P500 extraído exitosamente
2024-08-27 21:53:33,361 - INFO - Transformando datos
2024-08-27 21:53:33,377 - INFO - Datos transformados exitosamente
2024-08-27 21:53:33,377 - INFO - Guardando datos transformados en ./data\S&P500_list.csv
2024-08-27 21:53:33,377 - INFO - Datos guardados exitosamente
2024-08-27 21:53:33,377 - INFO - Extrayendo precios MMM
2024-08-27 21:53:34,078 - INFO - precio extraído exitosamente
2024-08-27 21:53:34,094 - INFO - Extrayendo precios AOS
2024-08-27 21:53:34,295 - INFO - precio extraído exitosamente
2024-08-27 21:53:34,295 - INFO - Extrayendo precios ABT
2024-08-27 21:53:34,470 - INFO - precio extraído exitosamente
2024-08-27 21:53:34,486 - INFO - Extrayendo precios A123
2024-08-27 21:53:36,465 - ERROR - 
1 Failed download:
2024-08-27 21:53:36,465 - ERROR - ['A123']: YFTzMissingError('$%ticker%: possibly delisted; no timezone found')
2024-08-27 21:53:36,465 - INFO - precio extraído exitosamente
2024-08-27 21:53:36,465 - INFO - Extrayendo precios ACN
2024-08-27 21:53:36,622 - INFO - precio extraído exitosamente
2024-08-27 21:53:36,622 - INFO - Extrayendo precios ATVI
2024-08-27 21:53:38,004 - ERROR - 
1 Failed download:
2024-08-27 21:53:38,004 - ERROR - ['ATVI']: YFTzMissingError('$%ticker%: possibly delisted; no timezone found')
2024-08-27 21:53:38,004 - INFO - precio extraído exitosamente
2024-08-27 21:53:38,004 - INFO - Extrayendo precios ADM
2024-08-27 21:53:38,187 - INFO - precio extraído exitosamente
2024-08-27 21:53:38,187 - INFO - Extrayendo precios ADBE
2024-08-27 21:53:38,333 - INFO - precio extraído exitosamente
2024-08-27 21:53:38,333 - INFO - Extrayendo precios ADP
2024-08-27 21:53:38,551 - INFO - precio extraído exitosamente
2024-08-27 21:53:38,551 - INFO - Extrayendo precios AAP
2024-08-27 21:53:38,727 - INFO - precio extraído exitosamente
2024-08-27 21:53:38,727 - INFO - Extrayendo precios AES
2024-08-27 21:53:38,894 - INFO - precio extraído exitosamente
2024-08-27 21:53:38,894 - INFO - Extrayendo precios AFL
2024-08-27 21:53:39,094 - INFO - precio extraído exitosamente
2024-08-27 21:53:39,094 - INFO - Extrayendo precios A
2024-08-27 21:53:39,250 - INFO - precio extraído exitosamente
2024-08-27 21:53:39,250 - INFO - Extrayendo precios APD
2024-08-27 21:53:39,457 - INFO - precio extraído exitosamente
2024-08-27 21:53:39,457 - INFO - Extrayendo precios AKAM
2024-08-27 21:53:39,583 - INFO - precio extraído exitosamente
2024-08-27 21:53:39,583 - INFO - Extrayendo precios ALK
2024-08-27 21:53:39,767 - INFO - precio extraído exitosamente
2024-08-27 21:53:39,767 - INFO - Extrayendo precios ALB
2024-08-27 21:53:39,968 - INFO - precio extraído exitosamente
2024-08-27 21:53:39,968 - INFO - Extrayendo precios ARE
2024-08-27 21:53:40,131 - INFO - precio extraído exitosamente
2024-08-27 21:53:40,131 - INFO - Extrayendo precios ALGN
2024-08-27 21:53:40,260 - INFO - precio extraído exitosamente
2024-08-27 21:53:40,260 - INFO - Extrayendo precios ALLE
2024-08-27 21:53:40,425 - INFO - precio extraído exitosamente
2024-08-27 21:53:40,425 - INFO - Extrayendo precios LNT
2024-08-27 21:53:40,632 - INFO - precio extraído exitosamente
2024-08-27 21:53:40,632 - INFO - Extrayendo precios ALL
2024-08-27 21:53:40,821 - INFO - precio extraído exitosamente
2024-08-27 21:53:40,821 - INFO - Extrayendo precios GOOGL
2024-08-27 21:53:40,979 - INFO - precio extraído exitosamente
2024-08-27 21:53:40,979 - INFO - Extrayendo precios GOOG
2024-08-27 21:53:41,105 - INFO - precio extraído exitosamente
2024-08-27 21:53:41,105 - INFO - Extrayendo precios MO
2024-08-27 21:53:41,329 - INFO - precio extraído exitosamente
2024-08-27 21:53:41,329 - INFO - Extrayendo precios AMZN
2024-08-27 21:53:41,478 - INFO - precio extraído exitosamente
2024-08-27 21:53:41,478 - INFO - Extrayendo precios AMCR
2024-08-27 21:53:41,632 - INFO - precio extraído exitosamente
2024-08-27 21:53:41,632 - INFO - Extrayendo precios AMD
2024-08-27 21:53:41,768 - INFO - precio extraído exitosamente
2024-08-27 21:53:41,768 - INFO - Extrayendo precios AEE
2024-08-27 21:53:41,937 - INFO - precio extraído exitosamente
2024-08-27 21:53:41,937 - INFO - Extrayendo precios AAL
2024-08-27 21:53:42,073 - INFO - precio extraído exitosamente
2024-08-27 21:53:42,073 - INFO - Extrayendo precios AEP
2024-08-27 21:53:42,289 - INFO - precio extraído exitosamente
2024-08-27 21:53:42,289 - INFO - Extrayendo precios AXP
2024-08-27 21:53:42,572 - INFO - precio extraído exitosamente
2024-08-27 21:53:42,572 - INFO - Extrayendo precios AIG
2024-08-27 21:53:42,749 - INFO - precio extraído exitosamente
2024-08-27 21:53:42,749 - INFO - Extrayendo precios AMT
2024-08-27 21:53:42,917 - INFO - precio extraído exitosamente
2024-08-27 21:53:42,917 - INFO - Extrayendo precios AWK
2024-08-27 21:53:43,091 - INFO - precio extraído exitosamente
2024-08-27 21:53:43,091 - INFO - Extrayendo precios AMP
2024-08-27 21:53:43,247 - INFO - precio extraído exitosamente
2024-08-27 21:53:43,247 - INFO - Extrayendo precios ABC
2024-08-27 21:53:44,633 - ERROR - 
1 Failed download:
2024-08-27 21:53:44,633 - ERROR - ['ABC']: YFTzMissingError('$%ticker%: possibly delisted; no timezone found')
2024-08-27 21:53:44,633 - INFO - precio extraído exitosamente
2024-08-27 21:53:44,633 - INFO - Extrayendo precios AME
2024-08-27 21:53:44,816 - INFO - precio extraído exitosamente
2024-08-27 21:53:44,816 - INFO - Extrayendo precios AMGN
2024-08-27 21:53:44,978 - INFO - precio extraído exitosamente
2024-08-27 21:53:44,978 - INFO - Extrayendo precios APH
2024-08-27 21:53:45,235 - INFO - precio extraído exitosamente
2024-08-27 21:53:45,235 - INFO - Extrayendo precios ADI
2024-08-27 21:53:45,381 - INFO - precio extraído exitosamente
2024-08-27 21:53:45,381 - INFO - Extrayendo precios ANSS
2024-08-27 21:53:45,538 - INFO - precio extraído exitosamente
2024-08-27 21:53:45,538 - INFO - Extrayendo precios AON
2024-08-27 21:53:45,715 - INFO - precio extraído exitosamente
2024-08-27 21:53:45,715 - INFO - Extrayendo precios APA
2024-08-27 21:53:45,920 - INFO - precio extraído exitosamente
2024-08-27 21:53:45,920 - INFO - Extrayendo precios AAPL
2024-08-27 21:53:46,190 - INFO - precio extraído exitosamente
2024-08-27 21:53:46,190 - INFO - Extrayendo precios AMAT
2024-08-27 21:53:46,346 - INFO - precio extraído exitosamente
2024-08-27 21:53:46,346 - INFO - Extrayendo precios APTV
2024-08-27 21:53:46,487 - INFO - precio extraído exitosamente
2024-08-27 21:53:46,487 - INFO - Extrayendo precios ACGL
2024-08-27 21:53:46,723 - INFO - precio extraído exitosamente
2024-08-27 21:53:46,723 - INFO - Extrayendo precios ANET
2024-08-27 21:53:46,860 - INFO - precio extraído exitosamente
2024-08-27 21:53:46,860 - INFO - Extrayendo precios AJG
2024-08-27 21:53:47,039 - INFO - precio extraído exitosamente
2024-08-27 21:53:47,039 - INFO - Extrayendo precios AIZ
2024-08-27 21:53:47,216 - INFO - precio extraído exitosamente
2024-08-27 21:53:47,216 - INFO - Extrayendo precios T
2024-08-27 21:53:47,393 - INFO - precio extraído exitosamente
2024-08-27 21:53:47,393 - INFO - Extrayendo precios ATO
2024-08-27 21:53:47,593 - INFO - precio extraído exitosamente
2024-08-27 21:53:47,593 - INFO - Extrayendo precios ADSK
2024-08-27 21:53:47,758 - INFO - precio extraído exitosamente
2024-08-27 21:53:47,758 - INFO - Extrayendo precios AZO
2024-08-27 21:53:47,883 - INFO - precio extraído exitosamente
2024-08-27 21:53:47,883 - INFO - Extrayendo precios AVB
2024-08-27 21:53:48,067 - INFO - precio extraído exitosamente
2024-08-27 21:53:48,067 - INFO - Extrayendo precios AVY
2024-08-27 21:53:48,261 - INFO - precio extraído exitosamente
2024-08-27 21:53:48,261 - INFO - Extrayendo precios BKR
2024-08-27 21:53:48,463 - INFO - precio extraído exitosamente
2024-08-27 21:53:48,463 - INFO - Extrayendo precios BALL
2024-08-27 21:53:48,650 - INFO - precio extraído exitosamente
2024-08-27 21:53:48,650 - INFO - Extrayendo precios BAC
2024-08-27 21:53:48,855 - INFO - precio extraído exitosamente
2024-08-27 21:53:48,855 - INFO - Extrayendo precios BBWI
2024-08-27 21:53:49,052 - INFO - precio extraído exitosamente
2024-08-27 21:53:49,052 - INFO - Extrayendo precios BAX
2024-08-27 21:53:49,274 - INFO - precio extraído exitosamente
2024-08-27 21:53:49,274 - INFO - Extrayendo precios BDX
2024-08-27 21:53:49,493 - INFO - precio extraído exitosamente
2024-08-27 21:53:49,493 - INFO - Extrayendo precios WRB
2024-08-27 21:53:49,699 - INFO - precio extraído exitosamente
2024-08-27 21:53:49,699 - INFO - Extrayendo precios BRK.B
2024-08-27 21:53:51,069 - ERROR - 
1 Failed download:
2024-08-27 21:53:51,069 - ERROR - ['BRK.B']: YFTzMissingError('$%ticker%: possibly delisted; no timezone found')
2024-08-27 21:53:51,069 - INFO - precio extraído exitosamente
2024-08-27 21:53:51,069 - INFO - Extrayendo precios BBY
2024-08-27 21:53:51,227 - INFO - precio extraído exitosamente
2024-08-27 21:53:51,227 - INFO - Extrayendo precios BIO
2024-08-27 21:53:51,361 - INFO - precio extraído exitosamente
2024-08-27 21:53:51,361 - INFO - Extrayendo precios TECH
2024-08-27 21:53:51,535 - INFO - precio extraído exitosamente
2024-08-27 21:53:51,535 - INFO - Extrayendo precios BIIB
2024-08-27 21:53:51,682 - INFO - precio extraído exitosamente
2024-08-27 21:53:51,682 - INFO - Extrayendo precios BLK
2024-08-27 21:53:51,852 - INFO - precio extraído exitosamente
2024-08-27 21:53:51,852 - INFO - Extrayendo precios BK
2024-08-27 21:53:52,039 - INFO - precio extraído exitosamente
2024-08-27 21:53:52,039 - INFO - Extrayendo precios BA
2024-08-27 21:53:52,240 - INFO - precio extraído exitosamente
2024-08-27 21:53:52,240 - INFO - Extrayendo precios BKNG
2024-08-27 21:53:52,377 - INFO - precio extraído exitosamente
2024-08-27 21:53:52,377 - INFO - Extrayendo precios BWA
2024-08-27 21:53:52,548 - INFO - precio extraído exitosamente
2024-08-27 21:53:52,548 - INFO - Extrayendo precios BXP
2024-08-27 21:53:52,715 - INFO - precio extraído exitosamente
2024-08-27 21:53:52,715 - INFO - Extrayendo precios BSX
2024-08-27 21:53:52,855 - INFO - precio extraído exitosamente
2024-08-27 21:53:52,855 - INFO - Extrayendo precios BMY
2024-08-27 21:53:53,069 - INFO - precio extraído exitosamente
2024-08-27 21:53:53,069 - INFO - Extrayendo precios AVGO
2024-08-27 21:53:53,239 - INFO - precio extraído exitosamente
2024-08-27 21:53:53,239 - INFO - Extrayendo precios BR
2024-08-27 21:53:53,385 - INFO - precio extraído exitosamente
2024-08-27 21:53:53,385 - INFO - Extrayendo precios BRO
2024-08-27 21:53:53,590 - INFO - precio extraído exitosamente
2024-08-27 21:53:53,590 - INFO - Extrayendo precios BF-B
2024-08-27 21:53:53,774 - INFO - precio extraído exitosamente
2024-08-27 21:53:53,774 - INFO - Extrayendo precios CHRW
2024-08-27 21:53:53,942 - INFO - precio extraído exitosamente
2024-08-27 21:53:53,942 - INFO - Extrayendo precios CDNS
2024-08-27 21:53:54,078 - INFO - precio extraído exitosamente
2024-08-27 21:53:54,078 - INFO - Extrayendo precios CZR
2024-08-27 21:53:54,203 - INFO - precio extraído exitosamente
2024-08-27 21:53:54,203 - INFO - Extrayendo precios CPT
2024-08-27 21:53:54,388 - INFO - precio extraído exitosamente
2024-08-27 21:53:54,388 - INFO - Extrayendo precios CPB
2024-08-27 21:53:54,567 - INFO - precio extraído exitosamente
2024-08-27 21:53:54,567 - INFO - Extrayendo precios COF
2024-08-27 21:53:54,756 - INFO - precio extraído exitosamente
2024-08-27 21:53:54,756 - INFO - Extrayendo precios CAH
2024-08-27 21:53:54,925 - INFO - precio extraído exitosamente
2024-08-27 21:53:54,925 - INFO - Extrayendo precios KMX
2024-08-27 21:53:55,064 - INFO - precio extraído exitosamente
2024-08-27 21:53:55,064 - INFO - Extrayendo precios CCL
2024-08-27 21:53:55,230 - INFO - precio extraído exitosamente
2024-08-27 21:53:55,230 - INFO - Extrayendo precios CARR
2024-08-27 21:53:55,372 - INFO - precio extraído exitosamente
2024-08-27 21:53:55,372 - INFO - Extrayendo precios CTLT
2024-08-27 21:53:55,511 - INFO - precio extraído exitosamente
2024-08-27 21:53:55,511 - INFO - Extrayendo precios CAT
2024-08-27 21:53:55,732 - INFO - precio extraído exitosamente
2024-08-27 21:53:55,732 - INFO - Extrayendo precios CBOE
2024-08-27 21:53:55,878 - INFO - precio extraído exitosamente
2024-08-27 21:53:55,878 - INFO - Extrayendo precios CBRE
2024-08-27 21:53:56,004 - INFO - precio extraído exitosamente
2024-08-27 21:53:56,004 - INFO - Extrayendo precios CDW
2024-08-27 21:53:56,171 - INFO - precio extraído exitosamente
2024-08-27 21:53:56,171 - INFO - Extrayendo precios CE
2024-08-27 21:53:56,317 - INFO - precio extraído exitosamente
2024-08-27 21:53:56,317 - INFO - Extrayendo precios CNC
2024-08-27 21:53:56,459 - INFO - precio extraído exitosamente
2024-08-27 21:53:56,459 - INFO - Extrayendo precios CNP
2024-08-27 21:53:56,682 - INFO - precio extraído exitosamente
2024-08-27 21:53:56,682 - INFO - Extrayendo precios CDAY
2024-08-27 21:53:58,052 - ERROR - 
1 Failed download:
2024-08-27 21:53:58,052 - ERROR - ['CDAY']: YFTzMissingError('$%ticker%: possibly delisted; no timezone found')
2024-08-27 21:53:58,052 - INFO - precio extraído exitosamente
2024-08-27 21:53:58,052 - INFO - Extrayendo precios CF
2024-08-27 21:53:58,209 - INFO - precio extraído exitosamente
2024-08-27 21:53:58,209 - INFO - Extrayendo precios CRL
2024-08-27 21:53:58,337 - INFO - precio extraído exitosamente
2024-08-27 21:53:58,337 - INFO - Extrayendo precios SCHW
2024-08-27 21:53:58,536 - INFO - precio extraído exitosamente
2024-08-27 21:53:58,536 - INFO - Extrayendo precios CHTR
2024-08-27 21:53:58,662 - INFO - precio extraído exitosamente
2024-08-27 21:53:58,662 - INFO - Extrayendo precios CVX
2024-08-27 21:53:58,891 - INFO - precio extraído exitosamente
2024-08-27 21:53:58,891 - INFO - Extrayendo precios CMG
2024-08-27 21:53:59,016 - INFO - precio extraído exitosamente
2024-08-27 21:53:59,016 - INFO - Extrayendo precios CB
2024-08-27 21:53:59,220 - INFO - precio extraído exitosamente
2024-08-27 21:53:59,220 - INFO - Extrayendo precios CHD
2024-08-27 21:53:59,396 - INFO - precio extraído exitosamente
2024-08-27 21:53:59,396 - INFO - Extrayendo precios CI
2024-08-27 21:53:59,588 - INFO - precio extraído exitosamente
2024-08-27 21:53:59,588 - INFO - Extrayendo precios CINF
2024-08-27 21:53:59,754 - INFO - precio extraído exitosamente
2024-08-27 21:53:59,754 - INFO - Extrayendo precios CTAS
2024-08-27 21:54:00,024 - INFO - precio extraído exitosamente
2024-08-27 21:54:00,024 - INFO - Extrayendo precios CSCO
2024-08-27 21:54:00,180 - INFO - precio extraído exitosamente
2024-08-27 21:54:00,180 - INFO - Extrayendo precios C
2024-08-27 21:54:00,380 - INFO - precio extraído exitosamente
2024-08-27 21:54:00,380 - INFO - Extrayendo precios CFG
2024-08-27 21:54:00,526 - INFO - precio extraído exitosamente
2024-08-27 21:54:00,526 - INFO - Extrayendo precios CLX
2024-08-27 21:54:00,719 - INFO - precio extraído exitosamente
2024-08-27 21:54:00,719 - INFO - Extrayendo precios CME
2024-08-27 21:54:00,877 - INFO - precio extraído exitosamente
2024-08-27 21:54:00,877 - INFO - Extrayendo precios CMS
2024-08-27 21:54:01,084 - INFO - precio extraído exitosamente
2024-08-27 21:54:01,084 - INFO - Extrayendo precios KO
2024-08-27 21:54:01,295 - INFO - precio extraído exitosamente
2024-08-27 21:54:01,295 - INFO - Extrayendo precios CTSH
2024-08-27 21:54:01,457 - INFO - precio extraído exitosamente
2024-08-27 21:54:01,457 - INFO - Extrayendo precios CL
2024-08-27 21:54:01,644 - INFO - precio extraído exitosamente
2024-08-27 21:54:01,644 - INFO - Extrayendo precios CMCSA
2024-08-27 21:54:01,823 - INFO - precio extraído exitosamente
2024-08-27 21:54:01,823 - INFO - Extrayendo precios CMA
2024-08-27 21:54:02,006 - INFO - precio extraído exitosamente
2024-08-27 21:54:02,006 - INFO - Extrayendo precios CAG
2024-08-27 21:54:02,175 - INFO - precio extraído exitosamente
2024-08-27 21:54:02,175 - INFO - Extrayendo precios COP
2024-08-27 21:54:02,374 - INFO - precio extraído exitosamente
2024-08-27 21:54:02,374 - INFO - Extrayendo precios ED
2024-08-27 21:54:02,587 - INFO - precio extraído exitosamente
2024-08-27 21:54:02,587 - INFO - Extrayendo precios STZ
2024-08-27 21:54:02,745 - INFO - precio extraído exitosamente
2024-08-27 21:54:02,745 - INFO - Extrayendo precios CEG
2024-08-27 21:54:02,890 - INFO - precio extraído exitosamente
2024-08-27 21:54:02,890 - INFO - Extrayendo precios COO
2024-08-27 21:54:03,056 - INFO - precio extraído exitosamente
2024-08-27 21:54:03,056 - INFO - Extrayendo precios CPRT
2024-08-27 21:54:03,211 - INFO - precio extraído exitosamente
2024-08-27 21:54:03,211 - INFO - Extrayendo precios GLW
2024-08-27 21:54:03,413 - INFO - precio extraído exitosamente
2024-08-27 21:54:03,413 - INFO - Extrayendo precios CTVA
2024-08-27 21:54:03,549 - INFO - precio extraído exitosamente
2024-08-27 21:54:03,549 - INFO - Extrayendo precios CSGP
2024-08-27 21:54:03,680 - INFO - precio extraído exitosamente
2024-08-27 21:54:03,680 - INFO - Extrayendo precios COST
2024-08-27 21:54:03,844 - INFO - precio extraído exitosamente
2024-08-27 21:54:03,844 - INFO - Extrayendo precios CTRA
2024-08-27 21:54:04,045 - INFO - precio extraído exitosamente
2024-08-27 21:54:04,045 - INFO - Extrayendo precios CCI
2024-08-27 21:54:04,197 - INFO - precio extraído exitosamente
2024-08-27 21:54:04,197 - INFO - Extrayendo precios CSX
2024-08-27 21:54:04,373 - INFO - precio extraído exitosamente
2024-08-27 21:54:04,373 - INFO - Extrayendo precios CMI
2024-08-27 21:54:04,618 - INFO - precio extraído exitosamente
2024-08-27 21:54:04,618 - INFO - Extrayendo precios CVS
2024-08-27 21:54:04,805 - INFO - precio extraído exitosamente
2024-08-27 21:54:04,805 - INFO - Extrayendo precios DHI
2024-08-27 21:54:04,980 - INFO - precio extraído exitosamente
2024-08-27 21:54:04,980 - INFO - Extrayendo precios DHR
2024-08-27 21:54:05,162 - INFO - precio extraído exitosamente
2024-08-27 21:54:05,162 - INFO - Extrayendo precios DRI
2024-08-27 21:54:05,318 - INFO - precio extraído exitosamente
2024-08-27 21:54:05,318 - INFO - Extrayendo precios DVA
2024-08-27 21:54:05,456 - INFO - precio extraído exitosamente
2024-08-27 21:54:05,456 - INFO - Extrayendo precios DE
2024-08-27 21:54:05,662 - INFO - precio extraído exitosamente
2024-08-27 21:54:05,662 - INFO - Extrayendo precios DAL
2024-08-27 21:54:05,817 - INFO - precio extraído exitosamente
2024-08-27 21:54:05,817 - INFO - Extrayendo precios XRAY
2024-08-27 21:54:06,007 - INFO - precio extraído exitosamente
2024-08-27 21:54:06,007 - INFO - Extrayendo precios DVN
2024-08-27 21:54:06,193 - INFO - precio extraído exitosamente
2024-08-27 21:54:06,193 - INFO - Extrayendo precios DXCM
2024-08-27 21:54:06,410 - INFO - precio extraído exitosamente
2024-08-27 21:54:06,410 - INFO - Extrayendo precios FANG
2024-08-27 21:54:06,558 - INFO - precio extraído exitosamente
2024-08-27 21:54:06,558 - INFO - Extrayendo precios DLR
2024-08-27 21:54:06,726 - INFO - precio extraído exitosamente
2024-08-27 21:54:06,726 - INFO - Extrayendo precios DFS
2024-08-27 21:54:06,882 - INFO - precio extraído exitosamente
2024-08-27 21:54:06,882 - INFO - Extrayendo precios DISH
2024-08-27 21:54:08,273 - ERROR - 
1 Failed download:
2024-08-27 21:54:08,273 - ERROR - ['DISH']: YFTzMissingError('$%ticker%: possibly delisted; no timezone found')
2024-08-27 21:54:08,273 - INFO - precio extraído exitosamente
2024-08-27 21:54:08,273 - INFO - Extrayendo precios DIS
2024-08-27 21:54:08,471 - INFO - precio extraído exitosamente
2024-08-27 21:54:08,471 - INFO - Extrayendo precios DG
2024-08-27 21:54:08,630 - INFO - precio extraído exitosamente
2024-08-27 21:54:08,630 - INFO - Extrayendo precios DLTR
2024-08-27 21:54:08,756 - INFO - precio extraído exitosamente
2024-08-27 21:54:08,756 - INFO - Extrayendo precios D
2024-08-27 21:54:08,944 - INFO - precio extraído exitosamente
2024-08-27 21:54:08,944 - INFO - Extrayendo precios DPZ
2024-08-27 21:54:09,123 - INFO - precio extraído exitosamente
2024-08-27 21:54:09,123 - INFO - Extrayendo precios DOV
2024-08-27 21:54:09,309 - INFO - precio extraído exitosamente
2024-08-27 21:54:09,309 - INFO - Extrayendo precios DOW
2024-08-27 21:54:09,466 - INFO - precio extraído exitosamente
2024-08-27 21:54:09,466 - INFO - Extrayendo precios DTE
2024-08-27 21:54:09,675 - INFO - precio extraído exitosamente
2024-08-27 21:54:09,675 - INFO - Extrayendo precios DUK
2024-08-27 21:54:09,863 - INFO - precio extraído exitosamente
2024-08-27 21:54:09,863 - INFO - Extrayendo precios DD
2024-08-27 21:54:10,069 - INFO - precio extraído exitosamente
2024-08-27 21:54:10,069 - INFO - Extrayendo precios DXC
2024-08-27 21:54:10,243 - INFO - precio extraído exitosamente
2024-08-27 21:54:10,243 - INFO - Extrayendo precios EMN
2024-08-27 21:54:10,409 - INFO - precio extraído exitosamente
2024-08-27 21:54:10,409 - INFO - Extrayendo precios ETN
2024-08-27 21:54:10,616 - INFO - precio extraído exitosamente
2024-08-27 21:54:10,616 - INFO - Extrayendo precios EBAY
2024-08-27 21:54:10,756 - INFO - precio extraído exitosamente
2024-08-27 21:54:10,756 - INFO - Extrayendo precios ECL
2024-08-27 21:54:10,952 - INFO - precio extraído exitosamente
2024-08-27 21:54:10,952 - INFO - Extrayendo precios EIX
2024-08-27 21:54:11,197 - INFO - precio extraído exitosamente
2024-08-27 21:54:11,197 - INFO - Extrayendo precios EW
2024-08-27 21:54:11,343 - INFO - precio extraído exitosamente
2024-08-27 21:54:11,343 - INFO - Extrayendo precios EA
2024-08-27 21:54:11,496 - INFO - precio extraído exitosamente
2024-08-27 21:54:11,496 - INFO - Extrayendo precios ELV
2024-08-27 21:54:11,652 - INFO - precio extraído exitosamente
2024-08-27 21:54:11,652 - INFO - Extrayendo precios LLY
2024-08-27 21:54:11,897 - INFO - precio extraído exitosamente
2024-08-27 21:54:11,897 - INFO - Extrayendo precios EMR
2024-08-27 21:54:12,094 - INFO - precio extraído exitosamente
2024-08-27 21:54:12,094 - INFO - Extrayendo precios ENPH
2024-08-27 21:54:12,221 - INFO - precio extraído exitosamente
2024-08-27 21:54:12,221 - INFO - Extrayendo precios ETR
2024-08-27 21:54:12,432 - INFO - precio extraído exitosamente
2024-08-27 21:54:12,432 - INFO - Extrayendo precios EOG
2024-08-27 21:54:12,616 - INFO - precio extraído exitosamente
2024-08-27 21:54:12,616 - INFO - Extrayendo precios EPAM
2024-08-27 21:54:12,742 - INFO - precio extraído exitosamente
2024-08-27 21:54:12,742 - INFO - Extrayendo precios EQT
2024-08-27 21:54:13,039 - INFO - precio extraído exitosamente
2024-08-27 21:54:13,039 - INFO - Extrayendo precios EFX
2024-08-27 21:54:13,241 - INFO - precio extraído exitosamente
2024-08-27 21:54:13,241 - INFO - Extrayendo precios EQIX
2024-08-27 21:54:13,406 - INFO - precio extraído exitosamente
2024-08-27 21:54:13,406 - INFO - Extrayendo precios EQR
2024-08-27 21:54:13,600 - INFO - precio extraído exitosamente
2024-08-27 21:54:13,600 - INFO - Extrayendo precios ESS
2024-08-27 21:54:13,775 - INFO - precio extraído exitosamente
2024-08-27 21:54:13,775 - INFO - Extrayendo precios EL
2024-08-27 21:54:13,948 - INFO - precio extraído exitosamente
2024-08-27 21:54:13,948 - INFO - Extrayendo precios ETSY
2024-08-27 21:54:14,074 - INFO - precio extraído exitosamente
2024-08-27 21:54:14,074 - INFO - Extrayendo precios RE
2024-08-27 21:54:15,645 - ERROR - 
1 Failed download:
2024-08-27 21:54:15,645 - ERROR - ['RE']: YFTzMissingError('$%ticker%: possibly delisted; no timezone found')
2024-08-27 21:54:15,645 - INFO - precio extraído exitosamente
2024-08-27 21:54:15,645 - INFO - Extrayendo precios EVRG
2024-08-27 21:54:15,843 - INFO - precio extraído exitosamente
2024-08-27 21:54:15,843 - INFO - Extrayendo precios ES
2024-08-27 21:54:16,048 - INFO - precio extraído exitosamente
2024-08-27 21:54:16,048 - INFO - Extrayendo precios EXC
2024-08-27 21:54:16,242 - INFO - precio extraído exitosamente
2024-08-27 21:54:16,242 - INFO - Extrayendo precios EXPE
2024-08-27 21:54:16,388 - INFO - precio extraído exitosamente
2024-08-27 21:54:16,388 - INFO - Extrayendo precios EXPD
2024-08-27 21:54:16,553 - INFO - precio extraído exitosamente
2024-08-27 21:54:16,553 - INFO - Extrayendo precios EXR
2024-08-27 21:54:16,724 - INFO - precio extraído exitosamente
2024-08-27 21:54:16,724 - INFO - Extrayendo precios XOM
2024-08-27 21:54:16,950 - INFO - precio extraído exitosamente
2024-08-27 21:54:16,950 - INFO - Extrayendo precios FFIV
2024-08-27 21:54:17,075 - INFO - precio extraído exitosamente
2024-08-27 21:54:17,075 - INFO - Extrayendo precios FDS
2024-08-27 21:54:17,255 - INFO - precio extraído exitosamente
2024-08-27 21:54:17,255 - INFO - Extrayendo precios FAST
2024-08-27 21:54:17,432 - INFO - precio extraído exitosamente
2024-08-27 21:54:17,432 - INFO - Extrayendo precios FRT
2024-08-27 21:54:17,616 - INFO - precio extraído exitosamente
2024-08-27 21:54:17,616 - INFO - Extrayendo precios FDX
2024-08-27 21:54:17,772 - INFO - precio extraído exitosamente
2024-08-27 21:54:17,772 - INFO - Extrayendo precios FITB
2024-08-27 21:54:17,965 - INFO - precio extraído exitosamente
2024-08-27 21:54:17,965 - INFO - Extrayendo precios FRC
2024-08-27 21:54:19,426 - ERROR - 
1 Failed download:
2024-08-27 21:54:19,426 - ERROR - ['FRC']: YFTzMissingError('$%ticker%: possibly delisted; no timezone found')
2024-08-27 21:54:19,426 - INFO - precio extraído exitosamente
2024-08-27 21:54:19,426 - INFO - Extrayendo precios FSLR
2024-08-27 21:54:19,603 - INFO - precio extraído exitosamente
2024-08-27 21:54:19,603 - INFO - Extrayendo precios FE
2024-08-27 21:54:19,760 - INFO - precio extraído exitosamente
2024-08-27 21:54:19,760 - INFO - Extrayendo precios FIS
2024-08-27 21:54:19,922 - INFO - precio extraído exitosamente
2024-08-27 21:54:19,922 - INFO - Extrayendo precios FISV
2024-08-27 21:54:20,051 - INFO - precio extraído exitosamente
2024-08-27 21:54:20,051 - INFO - Extrayendo precios FLT
2024-08-27 21:54:21,432 - ERROR - 
1 Failed download:
2024-08-27 21:54:21,432 - ERROR - ['FLT']: YFTzMissingError('$%ticker%: possibly delisted; no timezone found')
2024-08-27 21:54:21,432 - INFO - precio extraído exitosamente
2024-08-27 21:54:21,432 - INFO - Extrayendo precios FMC
2024-08-27 21:54:21,589 - INFO - precio extraído exitosamente
2024-08-27 21:54:21,589 - INFO - Extrayendo precios F
2024-08-27 21:54:21,799 - INFO - precio extraído exitosamente
2024-08-27 21:54:21,799 - INFO - Extrayendo precios FTNT
2024-08-27 21:54:21,942 - INFO - precio extraído exitosamente
2024-08-27 21:54:21,942 - INFO - Extrayendo precios FTV
2024-08-27 21:54:22,088 - INFO - precio extraído exitosamente
2024-08-27 21:54:22,088 - INFO - Extrayendo precios FOXA
2024-08-27 21:54:22,235 - INFO - precio extraído exitosamente
2024-08-27 21:54:22,235 - INFO - Extrayendo precios FOX
2024-08-27 21:54:22,399 - INFO - precio extraído exitosamente
2024-08-27 21:54:22,399 - INFO - Extrayendo precios BEN
2024-08-27 21:54:22,576 - INFO - precio extraído exitosamente
2024-08-27 21:54:22,576 - INFO - Extrayendo precios FCX
2024-08-27 21:54:22,760 - INFO - precio extraído exitosamente
2024-08-27 21:54:22,760 - INFO - Extrayendo precios GRMN
2024-08-27 21:54:22,916 - INFO - precio extraído exitosamente
2024-08-27 21:54:22,916 - INFO - Extrayendo precios IT
2024-08-27 21:54:23,055 - INFO - precio extraído exitosamente
2024-08-27 21:54:23,055 - INFO - Extrayendo precios GEHC
2024-08-27 21:54:23,185 - INFO - precio extraído exitosamente
2024-08-27 21:54:23,185 - INFO - Extrayendo precios GEN
2024-08-27 21:54:23,350 - INFO - precio extraído exitosamente
2024-08-27 21:54:23,350 - INFO - Extrayendo precios GNRC
2024-08-27 21:54:23,476 - INFO - precio extraído exitosamente
2024-08-27 21:54:23,476 - INFO - Extrayendo precios GD
2024-08-27 21:54:23,681 - INFO - precio extraído exitosamente
2024-08-27 21:54:23,681 - INFO - Extrayendo precios GE
2024-08-27 21:54:23,889 - INFO - precio extraído exitosamente
2024-08-27 21:54:23,889 - INFO - Extrayendo precios GIS
2024-08-27 21:54:24,086 - INFO - precio extraído exitosamente
2024-08-27 21:54:24,086 - INFO - Extrayendo precios GM
2024-08-27 21:54:24,255 - INFO - precio extraído exitosamente
2024-08-27 21:54:24,255 - INFO - Extrayendo precios GPC
2024-08-27 21:54:24,421 - INFO - precio extraído exitosamente
2024-08-27 21:54:24,421 - INFO - Extrayendo precios GILD
2024-08-27 21:54:24,577 - INFO - precio extraído exitosamente
2024-08-27 21:54:24,577 - INFO - Extrayendo precios GL
2024-08-27 21:54:24,766 - INFO - precio extraído exitosamente
2024-08-27 21:54:24,766 - INFO - Extrayendo precios GPN
2024-08-27 21:54:24,922 - INFO - precio extraído exitosamente
2024-08-27 21:54:24,922 - INFO - Extrayendo precios GS
2024-08-27 21:54:25,105 - INFO - precio extraído exitosamente
2024-08-27 21:54:25,105 - INFO - Extrayendo precios HAL
2024-08-27 21:54:25,309 - INFO - precio extraído exitosamente
2024-08-27 21:54:25,309 - INFO - Extrayendo precios HIG
2024-08-27 21:54:25,567 - INFO - precio extraído exitosamente
2024-08-27 21:54:25,567 - INFO - Extrayendo precios HAS
2024-08-27 21:54:25,768 - INFO - precio extraído exitosamente
2024-08-27 21:54:25,768 - INFO - Extrayendo precios HCA
2024-08-27 21:54:25,921 - INFO - precio extraído exitosamente
2024-08-27 21:54:25,921 - INFO - Extrayendo precios PEAK
2024-08-27 21:54:27,516 - ERROR - 
1 Failed download:
2024-08-27 21:54:27,516 - ERROR - ['PEAK']: YFTzMissingError('$%ticker%: possibly delisted; no timezone found')
2024-08-27 21:54:27,516 - INFO - precio extraído exitosamente
2024-08-27 21:54:27,516 - INFO - Extrayendo precios HSIC
2024-08-27 21:54:27,653 - INFO - precio extraído exitosamente
2024-08-27 21:54:27,653 - INFO - Extrayendo precios HSY
2024-08-27 21:54:27,848 - INFO - precio extraído exitosamente
2024-08-27 21:54:27,848 - INFO - Extrayendo precios HES
2024-08-27 21:54:28,024 - INFO - precio extraído exitosamente
2024-08-27 21:54:28,024 - INFO - Extrayendo precios HPE
2024-08-27 21:54:28,169 - INFO - precio extraído exitosamente
2024-08-27 21:54:28,169 - INFO - Extrayendo precios HLT
2024-08-27 21:54:28,324 - INFO - precio extraído exitosamente
2024-08-27 21:54:28,324 - INFO - Extrayendo precios HOLX
2024-08-27 21:54:28,453 - INFO - precio extraído exitosamente
2024-08-27 21:54:28,453 - INFO - Extrayendo precios HD
2024-08-27 21:54:28,640 - INFO - precio extraído exitosamente
2024-08-27 21:54:28,640 - INFO - Extrayendo precios HON
2024-08-27 21:54:28,847 - INFO - precio extraído exitosamente
2024-08-27 21:54:28,847 - INFO - Extrayendo precios HRL
2024-08-27 21:54:29,033 - INFO - precio extraído exitosamente
2024-08-27 21:54:29,033 - INFO - Extrayendo precios HST
2024-08-27 21:54:29,231 - INFO - precio extraído exitosamente
2024-08-27 21:54:29,231 - INFO - Extrayendo precios HWM
2024-08-27 21:54:29,398 - INFO - precio extraído exitosamente
2024-08-27 21:54:29,398 - INFO - Extrayendo precios HPQ
2024-08-27 21:54:29,598 - INFO - precio extraído exitosamente
2024-08-27 21:54:29,598 - INFO - Extrayendo precios HUM
2024-08-27 21:54:29,779 - INFO - precio extraído exitosamente
2024-08-27 21:54:29,779 - INFO - Extrayendo precios HBAN
2024-08-27 21:54:29,956 - INFO - precio extraído exitosamente
2024-08-27 21:54:29,956 - INFO - Extrayendo precios HII
2024-08-27 21:54:30,116 - INFO - precio extraído exitosamente
2024-08-27 21:54:30,116 - INFO - Extrayendo precios IBM
2024-08-27 21:54:30,325 - INFO - precio extraído exitosamente
2024-08-27 21:54:30,325 - INFO - Extrayendo precios IEX
2024-08-27 21:54:30,494 - INFO - precio extraído exitosamente
2024-08-27 21:54:30,494 - INFO - Extrayendo precios IDXX
2024-08-27 21:54:30,620 - INFO - precio extraído exitosamente
2024-08-27 21:54:30,620 - INFO - Extrayendo precios ITW
2024-08-27 21:54:30,814 - INFO - precio extraído exitosamente
2024-08-27 21:54:30,814 - INFO - Extrayendo precios ILMN
2024-08-27 21:54:30,958 - INFO - precio extraído exitosamente
2024-08-27 21:54:30,958 - INFO - Extrayendo precios INCY
2024-08-27 21:54:31,094 - INFO - precio extraído exitosamente
2024-08-27 21:54:31,094 - INFO - Extrayendo precios IR
2024-08-27 21:54:31,231 - INFO - precio extraído exitosamente
2024-08-27 21:54:31,231 - INFO - Extrayendo precios INTC
2024-08-27 21:54:31,411 - INFO - precio extraído exitosamente
2024-08-27 21:54:31,411 - INFO - Extrayendo precios ICE
2024-08-27 21:54:31,574 - INFO - precio extraído exitosamente
2024-08-27 21:54:31,574 - INFO - Extrayendo precios IP
2024-08-27 21:54:31,785 - INFO - precio extraído exitosamente
2024-08-27 21:54:31,785 - INFO - Extrayendo precios IPG
2024-08-27 21:54:31,962 - INFO - precio extraído exitosamente
2024-08-27 21:54:31,962 - INFO - Extrayendo precios IFF
2024-08-27 21:54:32,155 - INFO - precio extraído exitosamente
2024-08-27 21:54:32,155 - INFO - Extrayendo precios INTU
2024-08-27 21:54:32,301 - INFO - precio extraído exitosamente
2024-08-27 21:54:32,301 - INFO - Extrayendo precios ISRG
2024-08-27 21:54:32,433 - INFO - precio extraído exitosamente
2024-08-27 21:54:32,433 - INFO - Extrayendo precios IVZ
2024-08-27 21:54:32,608 - INFO - precio extraído exitosamente
2024-08-27 21:54:32,608 - INFO - Extrayendo precios INVH
2024-08-27 21:54:32,765 - INFO - precio extraído exitosamente
2024-08-27 21:54:32,765 - INFO - Extrayendo precios IQV
2024-08-27 21:54:32,900 - INFO - precio extraído exitosamente
2024-08-27 21:54:32,900 - INFO - Extrayendo precios IRM
2024-08-27 21:54:33,056 - INFO - precio extraído exitosamente
2024-08-27 21:54:33,056 - INFO - Extrayendo precios JBHT
2024-08-27 21:54:33,249 - INFO - precio extraído exitosamente
2024-08-27 21:54:33,249 - INFO - Extrayendo precios JKHY
2024-08-27 21:54:33,418 - INFO - precio extraído exitosamente
2024-08-27 21:54:33,418 - INFO - Extrayendo precios J
2024-08-27 21:54:33,575 - INFO - precio extraído exitosamente
2024-08-27 21:54:33,575 - INFO - Extrayendo precios JNJ
2024-08-27 21:54:33,799 - INFO - precio extraído exitosamente
2024-08-27 21:54:33,799 - INFO - Extrayendo precios JCI
2024-08-27 21:54:34,046 - INFO - precio extraído exitosamente
2024-08-27 21:54:34,046 - INFO - Extrayendo precios JPM
2024-08-27 21:54:34,225 - INFO - precio extraído exitosamente
2024-08-27 21:54:34,225 - INFO - Extrayendo precios JNPR
2024-08-27 21:54:34,390 - INFO - precio extraído exitosamente
2024-08-27 21:54:34,390 - INFO - Extrayendo precios K
2024-08-27 21:54:34,577 - INFO - precio extraído exitosamente
2024-08-27 21:54:34,577 - INFO - Extrayendo precios KDP
2024-08-27 21:54:34,738 - INFO - precio extraído exitosamente
2024-08-27 21:54:34,739 - INFO - Extrayendo precios KEY
2024-08-27 21:54:34,942 - INFO - precio extraído exitosamente
2024-08-27 21:54:34,942 - INFO - Extrayendo precios KEYS
2024-08-27 21:54:35,073 - INFO - precio extraído exitosamente
2024-08-27 21:54:35,074 - INFO - Extrayendo precios KMB
2024-08-27 21:54:35,250 - INFO - precio extraído exitosamente
2024-08-27 21:54:35,251 - INFO - Extrayendo precios KIM
2024-08-27 21:54:35,422 - INFO - precio extraído exitosamente
2024-08-27 21:54:35,422 - INFO - Extrayendo precios KMI
2024-08-27 21:54:35,568 - INFO - precio extraído exitosamente
2024-08-27 21:54:35,568 - INFO - Extrayendo precios KLAC
2024-08-27 21:54:35,728 - INFO - precio extraído exitosamente
2024-08-27 21:54:35,728 - INFO - Extrayendo precios KHC
2024-08-27 21:54:35,878 - INFO - precio extraído exitosamente
2024-08-27 21:54:35,878 - INFO - Extrayendo precios KR
2024-08-27 21:54:36,085 - INFO - precio extraído exitosamente
2024-08-27 21:54:36,085 - INFO - Extrayendo precios LHX
2024-08-27 21:54:36,271 - INFO - precio extraído exitosamente
2024-08-27 21:54:36,271 - INFO - Extrayendo precios LH
2024-08-27 21:54:36,432 - INFO - precio extraído exitosamente
2024-08-27 21:54:36,432 - INFO - Extrayendo precios LRCX
2024-08-27 21:54:36,606 - INFO - precio extraído exitosamente
2024-08-27 21:54:36,606 - INFO - Extrayendo precios LW
2024-08-27 21:54:36,760 - INFO - precio extraído exitosamente
2024-08-27 21:54:36,760 - INFO - Extrayendo precios LVS
2024-08-27 21:54:36,911 - INFO - precio extraído exitosamente
2024-08-27 21:54:36,911 - INFO - Extrayendo precios LDOS
2024-08-27 21:54:37,061 - INFO - precio extraído exitosamente
2024-08-27 21:54:37,061 - INFO - Extrayendo precios LEN
2024-08-27 21:54:37,271 - INFO - precio extraído exitosamente
2024-08-27 21:54:37,272 - INFO - Extrayendo precios LNC
2024-08-27 21:54:37,552 - INFO - precio extraído exitosamente
2024-08-27 21:54:37,552 - INFO - Extrayendo precios LIN
2024-08-27 21:54:37,719 - INFO - precio extraído exitosamente
2024-08-27 21:54:37,719 - INFO - Extrayendo precios LYV
2024-08-27 21:54:37,846 - INFO - precio extraído exitosamente
2024-08-27 21:54:37,846 - INFO - Extrayendo precios LKQ
2024-08-27 21:54:38,002 - INFO - precio extraído exitosamente
2024-08-27 21:54:38,002 - INFO - Extrayendo precios LMT
2024-08-27 21:54:38,182 - INFO - precio extraído exitosamente
2024-08-27 21:54:38,182 - INFO - Extrayendo precios L
2024-08-27 21:54:38,358 - INFO - precio extraído exitosamente
2024-08-27 21:54:38,358 - INFO - Extrayendo precios LOW
2024-08-27 21:54:38,540 - INFO - precio extraído exitosamente
2024-08-27 21:54:38,540 - INFO - Extrayendo precios LUMN
2024-08-27 21:54:38,720 - INFO - precio extraído exitosamente
2024-08-27 21:54:38,720 - INFO - Extrayendo precios LYB
2024-08-27 21:54:38,886 - INFO - precio extraído exitosamente
2024-08-27 21:54:38,887 - INFO - Extrayendo precios MTB
2024-08-27 21:54:39,073 - INFO - precio extraído exitosamente
2024-08-27 21:54:39,073 - INFO - Extrayendo precios MRO
2024-08-27 21:54:39,286 - INFO - precio extraído exitosamente
2024-08-27 21:54:39,286 - INFO - Extrayendo precios MPC
2024-08-27 21:54:39,450 - INFO - precio extraído exitosamente
2024-08-27 21:54:39,450 - INFO - Extrayendo precios MKTX
2024-08-27 21:54:39,596 - INFO - precio extraído exitosamente
2024-08-27 21:54:39,596 - INFO - Extrayendo precios MAR
2024-08-27 21:54:39,809 - INFO - precio extraído exitosamente
2024-08-27 21:54:39,809 - INFO - Extrayendo precios MMC
2024-08-27 21:54:39,990 - INFO - precio extraído exitosamente
2024-08-27 21:54:39,990 - INFO - Extrayendo precios MLM
2024-08-27 21:54:40,217 - INFO - precio extraído exitosamente
2024-08-27 21:54:40,217 - INFO - Extrayendo precios MAS
2024-08-27 21:54:40,392 - INFO - precio extraído exitosamente
2024-08-27 21:54:40,392 - INFO - Extrayendo precios MA
2024-08-27 21:54:40,538 - INFO - precio extraído exitosamente
2024-08-27 21:54:40,538 - INFO - Extrayendo precios MTCH
2024-08-27 21:54:40,701 - INFO - precio extraído exitosamente
2024-08-27 21:54:40,702 - INFO - Extrayendo precios MKC
2024-08-27 21:54:40,888 - INFO - precio extraído exitosamente
2024-08-27 21:54:40,888 - INFO - Extrayendo precios MCD
2024-08-27 21:54:41,089 - INFO - precio extraído exitosamente
2024-08-27 21:54:41,089 - INFO - Extrayendo precios MCK
2024-08-27 21:54:41,258 - INFO - precio extraído exitosamente
2024-08-27 21:54:41,258 - INFO - Extrayendo precios MDT
2024-08-27 21:54:41,434 - INFO - precio extraído exitosamente
2024-08-27 21:54:41,434 - INFO - Extrayendo precios MRK
2024-08-27 21:54:41,668 - INFO - precio extraído exitosamente
2024-08-27 21:54:41,668 - INFO - Extrayendo precios META
2024-08-27 21:54:41,805 - INFO - precio extraído exitosamente
2024-08-27 21:54:41,805 - INFO - Extrayendo precios MET
2024-08-27 21:54:41,962 - INFO - precio extraído exitosamente
2024-08-27 21:54:41,962 - INFO - Extrayendo precios MTD
2024-08-27 21:54:42,092 - INFO - precio extraído exitosamente
2024-08-27 21:54:42,092 - INFO - Extrayendo precios MGM
2024-08-27 21:54:42,259 - INFO - precio extraído exitosamente
2024-08-27 21:54:42,259 - INFO - Extrayendo precios MCHP
2024-08-27 21:54:42,415 - INFO - precio extraído exitosamente
2024-08-27 21:54:42,415 - INFO - Extrayendo precios MU
2024-08-27 21:54:42,592 - INFO - precio extraído exitosamente
2024-08-27 21:54:42,592 - INFO - Extrayendo precios MSFT
2024-08-27 21:54:42,834 - INFO - precio extraído exitosamente
2024-08-27 21:54:42,834 - INFO - Extrayendo precios MAA
2024-08-27 21:54:43,007 - INFO - precio extraído exitosamente
2024-08-27 21:54:43,007 - INFO - Extrayendo precios MRNA
2024-08-27 21:54:43,143 - INFO - precio extraído exitosamente
2024-08-27 21:54:43,143 - INFO - Extrayendo precios MHK
2024-08-27 21:54:43,272 - INFO - precio extraído exitosamente
2024-08-27 21:54:43,272 - INFO - Extrayendo precios MOH
2024-08-27 21:54:43,407 - INFO - precio extraído exitosamente
2024-08-27 21:54:43,407 - INFO - Extrayendo precios TAP
2024-08-27 21:54:43,590 - INFO - precio extraído exitosamente
2024-08-27 21:54:43,590 - INFO - Extrayendo precios MDLZ
2024-08-27 21:54:43,748 - INFO - precio extraído exitosamente
2024-08-27 21:54:43,748 - INFO - Extrayendo precios MPWR
2024-08-27 21:54:43,915 - INFO - precio extraído exitosamente
2024-08-27 21:54:43,915 - INFO - Extrayendo precios MNST
2024-08-27 21:54:44,051 - INFO - precio extraído exitosamente
2024-08-27 21:54:44,051 - INFO - Extrayendo precios MCO
2024-08-27 21:54:44,207 - INFO - precio extraído exitosamente
2024-08-27 21:54:44,207 - INFO - Extrayendo precios MS
2024-08-27 21:54:44,382 - INFO - precio extraído exitosamente
2024-08-27 21:54:44,382 - INFO - Extrayendo precios MOS
2024-08-27 21:54:44,560 - INFO - precio extraído exitosamente
2024-08-27 21:54:44,560 - INFO - Extrayendo precios MSI
2024-08-27 21:54:44,770 - INFO - precio extraído exitosamente
2024-08-27 21:54:44,770 - INFO - Extrayendo precios MSCI
2024-08-27 21:54:44,905 - INFO - precio extraído exitosamente
2024-08-27 21:54:44,905 - INFO - Extrayendo precios NDAQ
2024-08-27 21:54:45,074 - INFO - precio extraído exitosamente
2024-08-27 21:54:45,074 - INFO - Extrayendo precios NTAP
2024-08-27 21:54:45,232 - INFO - precio extraído exitosamente
2024-08-27 21:54:45,232 - INFO - Extrayendo precios NFLX
2024-08-27 21:54:45,358 - INFO - precio extraído exitosamente
2024-08-27 21:54:45,358 - INFO - Extrayendo precios NWL
2024-08-27 21:54:45,552 - INFO - precio extraído exitosamente
2024-08-27 21:54:45,552 - INFO - Extrayendo precios NEM
2024-08-27 21:54:45,771 - INFO - precio extraído exitosamente
2024-08-27 21:54:45,771 - INFO - Extrayendo precios NWSA
2024-08-27 21:54:45,930 - INFO - precio extraído exitosamente
2024-08-27 21:54:45,930 - INFO - Extrayendo precios NWS
2024-08-27 21:54:46,076 - INFO - precio extraído exitosamente
2024-08-27 21:54:46,076 - INFO - Extrayendo precios NEE
2024-08-27 21:54:46,350 - INFO - precio extraído exitosamente
2024-08-27 21:54:46,350 - INFO - Extrayendo precios NKE
2024-08-27 21:54:46,550 - INFO - precio extraído exitosamente
2024-08-27 21:54:46,550 - INFO - Extrayendo precios NI
2024-08-27 21:54:46,731 - INFO - precio extraído exitosamente
2024-08-27 21:54:46,731 - INFO - Extrayendo precios NDSN
2024-08-27 21:54:46,912 - INFO - precio extraído exitosamente
2024-08-27 21:54:46,912 - INFO - Extrayendo precios NSC
2024-08-27 21:54:47,098 - INFO - precio extraído exitosamente
2024-08-27 21:54:47,098 - INFO - Extrayendo precios NTRS
2024-08-27 21:54:47,369 - INFO - precio extraído exitosamente
2024-08-27 21:54:47,369 - INFO - Extrayendo precios NOC
2024-08-27 21:54:47,540 - INFO - precio extraído exitosamente
2024-08-27 21:54:47,540 - INFO - Extrayendo precios NCLH
2024-08-27 21:54:47,678 - INFO - precio extraído exitosamente
2024-08-27 21:54:47,678 - INFO - Extrayendo precios NRG
2024-08-27 21:54:47,849 - INFO - precio extraído exitosamente
2024-08-27 21:54:47,849 - INFO - Extrayendo precios NUE
2024-08-27 21:54:48,064 - INFO - precio extraído exitosamente
2024-08-27 21:54:48,064 - INFO - Extrayendo precios NVDA
2024-08-27 21:54:48,200 - INFO - precio extraído exitosamente
2024-08-27 21:54:48,200 - INFO - Extrayendo precios NVR
2024-08-27 21:54:48,346 - INFO - precio extraído exitosamente
2024-08-27 21:54:48,346 - INFO - Extrayendo precios NXPI
2024-08-27 21:54:48,498 - INFO - precio extraído exitosamente
2024-08-27 21:54:48,498 - INFO - Extrayendo precios ORLY
2024-08-27 21:54:48,715 - INFO - precio extraído exitosamente
2024-08-27 21:54:48,715 - INFO - Extrayendo precios OXY
2024-08-27 21:54:48,894 - INFO - precio extraído exitosamente
2024-08-27 21:54:48,894 - INFO - Extrayendo precios ODFL
2024-08-27 21:54:49,060 - INFO - precio extraído exitosamente
2024-08-27 21:54:49,060 - INFO - Extrayendo precios OMC
2024-08-27 21:54:49,276 - INFO - precio extraído exitosamente
2024-08-27 21:54:49,276 - INFO - Extrayendo precios ON
2024-08-27 21:54:49,412 - INFO - precio extraído exitosamente
2024-08-27 21:54:49,412 - INFO - Extrayendo precios OKE
2024-08-27 21:54:49,578 - INFO - precio extraído exitosamente
2024-08-27 21:54:49,578 - INFO - Extrayendo precios ORCL
2024-08-27 21:54:49,747 - INFO - precio extraído exitosamente
2024-08-27 21:54:49,747 - INFO - Extrayendo precios OGN
2024-08-27 21:54:49,895 - INFO - precio extraído exitosamente
2024-08-27 21:54:49,895 - INFO - Extrayendo precios OTIS
2024-08-27 21:54:50,031 - INFO - precio extraído exitosamente
2024-08-27 21:54:50,031 - INFO - Extrayendo precios PCAR
2024-08-27 21:54:50,257 - INFO - precio extraído exitosamente
2024-08-27 21:54:50,257 - INFO - Extrayendo precios PKG
2024-08-27 21:54:50,423 - INFO - precio extraído exitosamente
2024-08-27 21:54:50,423 - INFO - Extrayendo precios PARA
2024-08-27 21:54:50,588 - INFO - precio extraído exitosamente
2024-08-27 21:54:50,588 - INFO - Extrayendo precios PH
2024-08-27 21:54:50,864 - INFO - precio extraído exitosamente
2024-08-27 21:54:50,864 - INFO - Extrayendo precios PAYX
2024-08-27 21:54:51,040 - INFO - precio extraído exitosamente
2024-08-27 21:54:51,040 - INFO - Extrayendo precios PAYC
2024-08-27 21:54:51,180 - INFO - precio extraído exitosamente
2024-08-27 21:54:51,180 - INFO - Extrayendo precios PYPL
2024-08-27 21:54:51,308 - INFO - precio extraído exitosamente
2024-08-27 21:54:51,308 - INFO - Extrayendo precios PNR
2024-08-27 21:54:51,494 - INFO - precio extraído exitosamente
2024-08-27 21:54:51,494 - INFO - Extrayendo precios PEP
2024-08-27 21:54:51,704 - INFO - precio extraído exitosamente
2024-08-27 21:54:51,704 - INFO - Extrayendo precios PKI
2024-08-27 21:54:53,216 - ERROR - 
1 Failed download:
2024-08-27 21:54:53,217 - ERROR - ['PKI']: YFTzMissingError('$%ticker%: possibly delisted; no timezone found')
2024-08-27 21:54:53,218 - INFO - precio extraído exitosamente
2024-08-27 21:54:53,219 - INFO - Extrayendo precios PFE
2024-08-27 21:54:53,452 - INFO - precio extraído exitosamente
2024-08-27 21:54:53,452 - INFO - Extrayendo precios PCG
2024-08-27 21:54:53,639 - INFO - precio extraído exitosamente
2024-08-27 21:54:53,639 - INFO - Extrayendo precios PM
2024-08-27 21:54:53,805 - INFO - precio extraído exitosamente
2024-08-27 21:54:53,805 - INFO - Extrayendo precios PSX
2024-08-27 21:54:53,964 - INFO - precio extraído exitosamente
2024-08-27 21:54:53,964 - INFO - Extrayendo precios PNW
2024-08-27 21:54:54,151 - INFO - precio extraído exitosamente
2024-08-27 21:54:54,151 - INFO - Extrayendo precios PXD
2024-08-27 21:54:55,640 - ERROR - 
1 Failed download:
2024-08-27 21:54:55,640 - ERROR - ['PXD']: YFTzMissingError('$%ticker%: possibly delisted; no timezone found')
2024-08-27 21:54:55,640 - INFO - precio extraído exitosamente
2024-08-27 21:54:55,640 - INFO - Extrayendo precios PNC
2024-08-27 21:54:55,821 - INFO - precio extraído exitosamente
2024-08-27 21:54:55,821 - INFO - Extrayendo precios POOL
2024-08-27 21:54:55,978 - INFO - precio extraído exitosamente
2024-08-27 21:54:55,978 - INFO - Extrayendo precios PPG
2024-08-27 21:54:56,160 - INFO - precio extraído exitosamente
2024-08-27 21:54:56,160 - INFO - Extrayendo precios PPL
2024-08-27 21:54:56,351 - INFO - precio extraído exitosamente
2024-08-27 21:54:56,351 - INFO - Extrayendo precios PFG
2024-08-27 21:54:56,512 - INFO - precio extraído exitosamente
2024-08-27 21:54:56,512 - INFO - Extrayendo precios PG
2024-08-27 21:54:56,742 - INFO - precio extraído exitosamente
2024-08-27 21:54:56,742 - INFO - Extrayendo precios PGR
2024-08-27 21:54:56,936 - INFO - precio extraído exitosamente
2024-08-27 21:54:56,936 - INFO - Extrayendo precios PLD
2024-08-27 21:54:57,103 - INFO - precio extraído exitosamente
2024-08-27 21:54:57,103 - INFO - Extrayendo precios PRU
2024-08-27 21:54:57,271 - INFO - precio extraído exitosamente
2024-08-27 21:54:57,271 - INFO - Extrayendo precios PEG
2024-08-27 21:54:57,481 - INFO - precio extraído exitosamente
2024-08-27 21:54:57,481 - INFO - Extrayendo precios PTC
2024-08-27 21:54:57,617 - INFO - precio extraído exitosamente
2024-08-27 21:54:57,617 - INFO - Extrayendo precios PSA
2024-08-27 21:54:57,803 - INFO - precio extraído exitosamente
2024-08-27 21:54:57,803 - INFO - Extrayendo precios PHM
2024-08-27 21:54:58,021 - INFO - precio extraído exitosamente
2024-08-27 21:54:58,021 - INFO - Extrayendo precios QRVO
2024-08-27 21:54:58,155 - INFO - precio extraído exitosamente
2024-08-27 21:54:58,155 - INFO - Extrayendo precios PWR
2024-08-27 21:54:58,310 - INFO - precio extraído exitosamente
2024-08-27 21:54:58,310 - INFO - Extrayendo precios QCOM
2024-08-27 21:54:58,466 - INFO - precio extraído exitosamente
2024-08-27 21:54:58,466 - INFO - Extrayendo precios DGX
2024-08-27 21:54:58,646 - INFO - precio extraído exitosamente
2024-08-27 21:54:58,646 - INFO - Extrayendo precios RL
2024-08-27 21:54:58,826 - INFO - precio extraído exitosamente
2024-08-27 21:54:58,826 - INFO - Extrayendo precios RJF
2024-08-27 21:54:59,034 - INFO - precio extraído exitosamente
2024-08-27 21:54:59,034 - INFO - Extrayendo precios RTX
2024-08-27 21:54:59,251 - INFO - precio extraído exitosamente
2024-08-27 21:54:59,251 - INFO - Extrayendo precios O
2024-08-27 21:54:59,425 - INFO - precio extraído exitosamente
2024-08-27 21:54:59,425 - INFO - Extrayendo precios REG
2024-08-27 21:54:59,597 - INFO - precio extraído exitosamente
2024-08-27 21:54:59,597 - INFO - Extrayendo precios REGN
2024-08-27 21:54:59,737 - INFO - precio extraído exitosamente
2024-08-27 21:54:59,737 - INFO - Extrayendo precios RF
2024-08-27 21:54:59,932 - INFO - precio extraído exitosamente
2024-08-27 21:54:59,932 - INFO - Extrayendo precios RSG
2024-08-27 21:55:00,111 - INFO - precio extraído exitosamente
2024-08-27 21:55:00,111 - INFO - Extrayendo precios RMD
2024-08-27 21:55:00,264 - INFO - precio extraído exitosamente
2024-08-27 21:55:00,264 - INFO - Extrayendo precios RHI
2024-08-27 21:55:00,450 - INFO - precio extraído exitosamente
2024-08-27 21:55:00,450 - INFO - Extrayendo precios ROK
2024-08-27 21:55:00,641 - INFO - precio extraído exitosamente
2024-08-27 21:55:00,641 - INFO - Extrayendo precios ROL
2024-08-27 21:55:00,835 - INFO - precio extraído exitosamente
2024-08-27 21:55:00,835 - INFO - Extrayendo precios ROP
2024-08-27 21:55:01,028 - INFO - precio extraído exitosamente
2024-08-27 21:55:01,028 - INFO - Extrayendo precios ROST
2024-08-27 21:55:01,205 - INFO - precio extraído exitosamente
2024-08-27 21:55:01,205 - INFO - Extrayendo precios RCL
2024-08-27 21:55:01,373 - INFO - precio extraído exitosamente
2024-08-27 21:55:01,373 - INFO - Extrayendo precios SPGI
2024-08-27 21:55:01,569 - INFO - precio extraído exitosamente
2024-08-27 21:55:01,569 - INFO - Extrayendo precios CRM
2024-08-27 21:55:01,726 - INFO - precio extraído exitosamente
2024-08-27 21:55:01,726 - INFO - Extrayendo precios SBAC
2024-08-27 21:55:01,866 - INFO - precio extraído exitosamente
2024-08-27 21:55:01,866 - INFO - Extrayendo precios SLB
2024-08-27 21:55:02,092 - INFO - precio extraído exitosamente
2024-08-27 21:55:02,092 - INFO - Extrayendo precios STX
2024-08-27 21:55:02,270 - INFO - precio extraído exitosamente
2024-08-27 21:55:02,270 - INFO - Extrayendo precios SEE
2024-08-27 21:55:02,564 - INFO - precio extraído exitosamente
2024-08-27 21:55:02,564 - INFO - Extrayendo precios SRE
2024-08-27 21:55:02,720 - INFO - precio extraído exitosamente
2024-08-27 21:55:02,720 - INFO - Extrayendo precios NOW
2024-08-27 21:55:02,849 - INFO - precio extraído exitosamente
2024-08-27 21:55:02,849 - INFO - Extrayendo precios SHW
2024-08-27 21:55:03,035 - INFO - precio extraído exitosamente
2024-08-27 21:55:03,035 - INFO - Extrayendo precios SBNY
2024-08-27 21:55:04,408 - ERROR - 
1 Failed download:
2024-08-27 21:55:04,408 - ERROR - ['SBNY']: YFPricesMissingError('$%ticker%: possibly delisted; no price data found  (1d 2024-01-01 -> 2024-03-31) (Yahoo error = "Data doesn\'t exist for startDate = 1704085200, endDate = 1711857600")')
2024-08-27 21:55:04,408 - INFO - precio extraído exitosamente
2024-08-27 21:55:04,408 - INFO - Extrayendo precios SPG
2024-08-27 21:55:04,582 - INFO - precio extraído exitosamente
2024-08-27 21:55:04,582 - INFO - Extrayendo precios SWKS
2024-08-27 21:55:04,728 - INFO - precio extraído exitosamente
2024-08-27 21:55:04,728 - INFO - Extrayendo precios SJM
2024-08-27 21:55:04,925 - INFO - precio extraído exitosamente
2024-08-27 21:55:04,925 - INFO - Extrayendo precios SNA
2024-08-27 21:55:05,125 - INFO - precio extraído exitosamente
2024-08-27 21:55:05,125 - INFO - Extrayendo precios SEDG
2024-08-27 21:55:05,270 - INFO - precio extraído exitosamente
2024-08-27 21:55:05,270 - INFO - Extrayendo precios SO
2024-08-27 21:55:05,444 - INFO - precio extraído exitosamente
2024-08-27 21:55:05,444 - INFO - Extrayendo precios LUV
2024-08-27 21:55:05,641 - INFO - precio extraído exitosamente
2024-08-27 21:55:05,641 - INFO - Extrayendo precios SWK
2024-08-27 21:55:05,846 - INFO - precio extraído exitosamente
2024-08-27 21:55:05,846 - INFO - Extrayendo precios SBUX
2024-08-27 21:55:06,002 - INFO - precio extraído exitosamente
2024-08-27 21:55:06,002 - INFO - Extrayendo precios STT
2024-08-27 21:55:06,201 - INFO - precio extraído exitosamente
2024-08-27 21:55:06,201 - INFO - Extrayendo precios STLD
2024-08-27 21:55:06,347 - INFO - precio extraído exitosamente
2024-08-27 21:55:06,347 - INFO - Extrayendo precios STE
2024-08-27 21:55:06,521 - INFO - precio extraído exitosamente
2024-08-27 21:55:06,521 - INFO - Extrayendo precios SYK
2024-08-27 21:55:06,703 - INFO - precio extraído exitosamente
2024-08-27 21:55:06,703 - INFO - Extrayendo precios SIVB
2024-08-27 21:55:06,828 - ERROR - 
1 Failed download:
2024-08-27 21:55:06,828 - ERROR - ['SIVB']: YFPricesMissingError('$%ticker%: possibly delisted; no price data found  (1d 2024-01-01 -> 2024-03-31)')
2024-08-27 21:55:06,828 - INFO - precio extraído exitosamente
2024-08-27 21:55:06,828 - INFO - Extrayendo precios SYF
2024-08-27 21:55:06,978 - INFO - precio extraído exitosamente
2024-08-27 21:55:06,978 - INFO - Extrayendo precios SNPS
2024-08-27 21:55:07,130 - INFO - precio extraído exitosamente
2024-08-27 21:55:07,130 - INFO - Extrayendo precios SYY
2024-08-27 21:55:07,296 - INFO - precio extraído exitosamente
2024-08-27 21:55:07,296 - INFO - Extrayendo precios TMUS
2024-08-27 21:55:07,460 - INFO - precio extraído exitosamente
2024-08-27 21:55:07,460 - INFO - Extrayendo precios TROW
2024-08-27 21:55:07,645 - INFO - precio extraído exitosamente
2024-08-27 21:55:07,645 - INFO - Extrayendo precios TTWO
2024-08-27 21:55:07,771 - INFO - precio extraído exitosamente
2024-08-27 21:55:07,771 - INFO - Extrayendo precios TPR
2024-08-27 21:55:07,934 - INFO - precio extraído exitosamente
2024-08-27 21:55:07,934 - INFO - Extrayendo precios TRGP
2024-08-27 21:55:08,093 - INFO - precio extraído exitosamente
2024-08-27 21:55:08,093 - INFO - Extrayendo precios TGT
2024-08-27 21:55:08,282 - INFO - precio extraído exitosamente
2024-08-27 21:55:08,282 - INFO - Extrayendo precios TEL
2024-08-27 21:55:08,438 - INFO - precio extraído exitosamente
2024-08-27 21:55:08,438 - INFO - Extrayendo precios TDY
2024-08-27 21:55:08,577 - INFO - precio extraído exitosamente
2024-08-27 21:55:08,577 - INFO - Extrayendo precios TFX
2024-08-27 21:55:08,764 - INFO - precio extraído exitosamente
2024-08-27 21:55:08,764 - INFO - Extrayendo precios TER
2024-08-27 21:55:08,935 - INFO - precio extraído exitosamente
2024-08-27 21:55:08,935 - INFO - Extrayendo precios TSLA
2024-08-27 21:55:09,061 - INFO - precio extraído exitosamente
2024-08-27 21:55:09,061 - INFO - Extrayendo precios TXN
2024-08-27 21:55:09,302 - INFO - precio extraído exitosamente
2024-08-27 21:55:09,302 - INFO - Extrayendo precios TXT
2024-08-27 21:55:09,497 - INFO - precio extraído exitosamente
2024-08-27 21:55:09,497 - INFO - Extrayendo precios TMO
2024-08-27 21:55:09,663 - INFO - precio extraído exitosamente
2024-08-27 21:55:09,663 - INFO - Extrayendo precios TJX
2024-08-27 21:55:09,843 - INFO - precio extraído exitosamente
2024-08-27 21:55:09,843 - INFO - Extrayendo precios TSCO
2024-08-27 21:55:10,003 - INFO - precio extraído exitosamente
2024-08-27 21:55:10,003 - INFO - Extrayendo precios TT
2024-08-27 21:55:10,208 - INFO - precio extraído exitosamente
2024-08-27 21:55:10,208 - INFO - Extrayendo precios TDG
2024-08-27 21:55:10,354 - INFO - precio extraído exitosamente
2024-08-27 21:55:10,354 - INFO - Extrayendo precios TRV
2024-08-27 21:55:10,521 - INFO - precio extraído exitosamente
2024-08-27 21:55:10,521 - INFO - Extrayendo precios TRMB
2024-08-27 21:55:10,678 - INFO - precio extraído exitosamente
2024-08-27 21:55:10,678 - INFO - Extrayendo precios TFC
2024-08-27 21:55:10,855 - INFO - precio extraído exitosamente
2024-08-27 21:55:10,855 - INFO - Extrayendo precios TYL
2024-08-27 21:55:10,993 - INFO - precio extraído exitosamente
2024-08-27 21:55:10,993 - INFO - Extrayendo precios TSN
2024-08-27 21:55:11,163 - INFO - precio extraído exitosamente
2024-08-27 21:55:11,163 - INFO - Extrayendo precios USB
2024-08-27 21:55:11,340 - INFO - precio extraído exitosamente
2024-08-27 21:55:11,340 - INFO - Extrayendo precios UDR
2024-08-27 21:55:11,553 - INFO - precio extraído exitosamente
2024-08-27 21:55:11,553 - INFO - Extrayendo precios ULTA
2024-08-27 21:55:11,680 - INFO - precio extraído exitosamente
2024-08-27 21:55:11,680 - INFO - Extrayendo precios UNP
2024-08-27 21:55:11,888 - INFO - precio extraído exitosamente
2024-08-27 21:55:11,888 - INFO - Extrayendo precios UAL
2024-08-27 21:55:12,013 - INFO - precio extraído exitosamente
2024-08-27 21:55:12,013 - INFO - Extrayendo precios UPS
2024-08-27 21:55:12,202 - INFO - precio extraído exitosamente
2024-08-27 21:55:12,202 - INFO - Extrayendo precios URI
2024-08-27 21:55:12,349 - INFO - precio extraído exitosamente
2024-08-27 21:55:12,349 - INFO - Extrayendo precios UNH
2024-08-27 21:55:12,550 - INFO - precio extraído exitosamente
2024-08-27 21:55:12,550 - INFO - Extrayendo precios UHS
2024-08-27 21:55:12,739 - INFO - precio extraído exitosamente
2024-08-27 21:55:12,739 - INFO - Extrayendo precios VLO
2024-08-27 21:55:12,926 - INFO - precio extraído exitosamente
2024-08-27 21:55:12,926 - INFO - Extrayendo precios VTR
2024-08-27 21:55:13,122 - INFO - precio extraído exitosamente
2024-08-27 21:55:13,122 - INFO - Extrayendo precios VRSN
2024-08-27 21:55:13,260 - INFO - precio extraído exitosamente
2024-08-27 21:55:13,260 - INFO - Extrayendo precios VRSK
2024-08-27 21:55:13,436 - INFO - precio extraído exitosamente
2024-08-27 21:55:13,436 - INFO - Extrayendo precios VZ
2024-08-27 21:55:13,634 - INFO - precio extraído exitosamente
2024-08-27 21:55:13,634 - INFO - Extrayendo precios VRTX
2024-08-27 21:55:13,760 - INFO - precio extraído exitosamente
2024-08-27 21:55:13,760 - INFO - Extrayendo precios VFC
2024-08-27 21:55:13,994 - INFO - precio extraído exitosamente
2024-08-27 21:55:13,994 - INFO - Extrayendo precios VTRS
2024-08-27 21:55:14,173 - INFO - precio extraído exitosamente
2024-08-27 21:55:14,173 - INFO - Extrayendo precios VICI
2024-08-27 21:55:14,332 - INFO - precio extraído exitosamente
2024-08-27 21:55:14,332 - INFO - Extrayendo precios V
2024-08-27 21:55:14,468 - INFO - precio extraído exitosamente
2024-08-27 21:55:14,468 - INFO - Extrayendo precios VMC
2024-08-27 21:55:14,668 - INFO - precio extraído exitosamente
2024-08-27 21:55:14,668 - INFO - Extrayendo precios WAB
2024-08-27 21:55:14,844 - INFO - precio extraído exitosamente
2024-08-27 21:55:14,844 - INFO - Extrayendo precios WBA
2024-08-27 21:55:15,029 - INFO - precio extraído exitosamente
2024-08-27 21:55:15,029 - INFO - Extrayendo precios WMT
2024-08-27 21:55:15,263 - INFO - precio extraído exitosamente
2024-08-27 21:55:15,263 - INFO - Extrayendo precios WBD
2024-08-27 21:55:15,389 - INFO - precio extraído exitosamente
2024-08-27 21:55:15,389 - INFO - Extrayendo precios WM
2024-08-27 21:55:15,640 - INFO - precio extraído exitosamente
2024-08-27 21:55:15,640 - INFO - Extrayendo precios WAT
2024-08-27 21:55:15,775 - INFO - precio extraído exitosamente
2024-08-27 21:55:15,775 - INFO - Extrayendo precios WEC
2024-08-27 21:55:15,971 - INFO - precio extraído exitosamente
2024-08-27 21:55:15,971 - INFO - Extrayendo precios WFC
2024-08-27 21:55:16,248 - INFO - precio extraído exitosamente
2024-08-27 21:55:16,248 - INFO - Extrayendo precios WELL
2024-08-27 21:55:16,434 - INFO - precio extraído exitosamente
2024-08-27 21:55:16,434 - INFO - Extrayendo precios WST
2024-08-27 21:55:16,640 - INFO - precio extraído exitosamente
2024-08-27 21:55:16,640 - INFO - Extrayendo precios WDC
2024-08-27 21:55:16,780 - INFO - precio extraído exitosamente
2024-08-27 21:55:16,780 - INFO - Extrayendo precios WRK
2024-08-27 21:55:16,962 - INFO - precio extraído exitosamente
2024-08-27 21:55:16,962 - INFO - Extrayendo precios WY
2024-08-27 21:55:17,149 - INFO - precio extraído exitosamente
2024-08-27 21:55:17,149 - INFO - Extrayendo precios WHR
2024-08-27 21:55:17,320 - INFO - precio extraído exitosamente
2024-08-27 21:55:17,320 - INFO - Extrayendo precios WMB
2024-08-27 21:55:17,507 - INFO - precio extraído exitosamente
2024-08-27 21:55:17,507 - INFO - Extrayendo precios WTW
2024-08-27 21:55:17,696 - INFO - precio extraído exitosamente
2024-08-27 21:55:17,696 - INFO - Extrayendo precios GWW
2024-08-27 21:55:17,862 - INFO - precio extraído exitosamente
2024-08-27 21:55:17,862 - INFO - Extrayendo precios WYNN
2024-08-27 21:55:18,017 - INFO - precio extraído exitosamente
2024-08-27 21:55:18,017 - INFO - Extrayendo precios XEL
2024-08-27 21:55:18,235 - INFO - precio extraído exitosamente
2024-08-27 21:55:18,235 - INFO - Extrayendo precios XYL
2024-08-27 21:55:18,395 - INFO - precio extraído exitosamente
2024-08-27 21:55:18,395 - INFO - Extrayendo precios YUM
2024-08-27 21:55:18,551 - INFO - precio extraído exitosamente
2024-08-27 21:55:18,551 - INFO - Extrayendo precios ZBRA
2024-08-27 21:55:18,691 - INFO - precio extraído exitosamente
2024-08-27 21:55:18,691 - INFO - Extrayendo precios ZBH
2024-08-27 21:55:18,842 - INFO - precio extraído exitosamente
2024-08-27 21:55:18,842 - INFO - Extrayendo precios ZION
2024-08-27 21:55:19,031 - INFO - precio extraído exitosamente
2024-08-27 21:55:19,031 - INFO - Extrayendo precios ZTS
2024-08-27 21:55:19,177 - INFO - precio extraído exitosamente
2024-08-27 21:55:19,208 - INFO - Transformando datos
2024-08-27 21:55:19,223 - INFO - Datos transformados exitosamente
2024-08-27 21:55:19,223 - INFO - Guardando datos transformados en ./data\S&P500_prices.csv
2024-08-27 21:55:19,333 - INFO - Datos guardados exitosamente
2024-08-27 21:55:19,380 - INFO - Conexion a la BD de datos fue exitosa
2024-08-27 21:55:19,380 - INFO - Creada la tabla con exito: Companies
2024-08-27 21:55:19,380 - INFO - Conexion a la BD de datos fue exitosa
2024-08-27 21:55:19,395 - INFO - Llave primaria creada con exito en Companies
2024-08-27 21:55:19,395 - INFO - Conexion a la BD de datos fue exitosa
2024-08-27 21:55:19,395 - INFO - Creada la tabla con exito: CompanyProfiles
2024-08-27 21:55:19,395 - INFO - Conexion a la BD de datos fue exitosa
2024-08-27 21:55:19,395 - INFO - Llave primaria creada con exito en CompanyProfiles
2024-08-27 21:55:19,395 - INFO - Conexion a la BD de datos fue exitosa
2024-08-27 21:55:19,395 - INFO - Llave foranea creada con exito en CompanyProfiles
2024-08-27 21:55:19,411 - INFO - Conexion a la BD de datos fue exitosa
2024-08-27 21:55:20,161 - INFO - Registros insertados en la tabla
2024-08-27 21:55:20,192 - INFO - Conexion a la BD de datos fue exitosa
2024-08-27 21:55:20,192 - ERROR - Error insertando los datos: ('42S22', "[42S22] [Microsoft][ODBC Driver 17 for SQL Server][SQL Server]Invalid column name 'Fecha'. (207) (SQLExecDirectW); [42S22] [Microsoft][ODBC Driver 17 for SQL Server][SQL Server]Invalid column name 'PrecioCierre'. (207); [42S22] [Microsoft][ODBC Driver 17 for SQL Server][SQL Server]Invalid column name 'Empresa'. (207); [42S22] [Microsoft][ODBC Driver 17 for SQL Server][SQL Server]Statement(s) could not be prepared. (8180)")
